app/build/outputs/mapping/release/seeds.txt
com.lw.audiomaster.MainActivity
com.lw.audiomaster.AudioMasterApp
com.lw.audiomaster.data.local.AppDatabase_Impl
com.lw.audiomaster.data.local.AppDatabase
com.lw.audiomaster.data.local.AppDatabase_Impl: int $stable
com.lw.audiomaster.data.local.AppDatabase_Impl: kotlin.Lazy _projectDao
com.lw.audiomaster.data.local.AppDatabase: int $stable
com.lw.audiomaster.data.local.AppDatabase: com.lw.audiomaster.data.local.AppDatabase INSTANCE
com.lw.audiomaster.data.local.AppDatabase: com.lw.audiomaster.data.local.AppDatabase$Companion Companion
com.lw.audiomaster.data.local.AppDatabase: void access$setINSTANCE$cp(com.lw.audiomaster.data.local.AppDatabase)
com.lw.audiomaster.data.model.MasterIntensity: com.lw.audiomaster.data.model.MasterIntensity[] values()
com.lw.audiomaster.data.billing.PurchaseState: com.lw.audiomaster.data.billing.PurchaseState[] values()
com.lw.audiomaster.data.local.AppDatabase_Impl: AppDatabase_Impl()
com.lw.audiomaster.data.local.AppDatabase_Impl: androidx.room.RoomOpenDelegate createOpenDelegate()
com.lw.audiomaster.data.local.AppDatabase_Impl: void clearAllTables()
com.lw.audiomaster.data.model.ExportFormat: com.lw.audiomaster.data.model.ExportFormat valueOf(java.lang.String)
com.lw.audiomaster.data.model.ExportFormat: com.lw.audiomaster.data.model.ExportFormat[] values()
com.lw.audiomaster.MainActivity: MainActivity()
com.lw.audiomaster.data.local.AppDatabase: com.lw.audiomaster.data.local.ProjectDao projectDao()
com.lw.audiomaster.data.model.MasterIntensity: com.lw.audiomaster.data.model.MasterIntensity valueOf(java.lang.String)
com.lw.audiomaster.data.local.AppDatabase_Impl: java.util.List createAutoMigrations(java.util.Map)
com.lw.audiomaster.data.local.AppDatabase_Impl: java.util.Map getRequiredTypeConverterClasses()
com.lw.audiomaster.data.local.AppDatabase_Impl: androidx.room.RoomOpenDelegateMarker createOpenDelegate()
com.lw.audiomaster.data.local.AppDatabase_Impl: androidx.room.InvalidationTracker createInvalidationTracker()
com.lw.audiomaster.data.billing.PurchaseState: com.lw.audiomaster.data.billing.PurchaseState valueOf(java.lang.String)
com.lw.audiomaster.data.local.AppDatabase: com.lw.audiomaster.data.local.AppDatabase access$getINSTANCE$cp()
com.lw.audiomaster.data.local.AppDatabase_Impl: java.util.Set getRequiredAutoMigrationSpecClasses()
com.lw.audiomaster.data.local.AppDatabase_Impl: com.lw.audiomaster.data.local.ProjectDao_Impl _projectDao$lambda$0(com.lw.audiomaster.data.local.AppDatabase_Impl)
com.lw.audiomaster.data.local.AppDatabase_Impl: com.lw.audiomaster.data.local.ProjectDao projectDao()
com.lw.audiomaster.data.local.AppDatabase_Impl: void access$internalInitInvalidationTracker(com.lw.audiomaster.data.local.AppDatabase_Impl,androidx.sqlite.SQLiteConnection)
com.lw.audiomaster.AudioMasterApp: AudioMasterApp()
com.lw.audiomaster.data.local.AppDatabase: AppDatabase()
...
androidx.compose.runtime.RecomposerKt$withRunningRecomposer$2$1: java.lang.Object invokeSuspend(java.lang.Object)
androidx.compose.runtime.external.kotlinx.collections.immutable.PersistentList: androidx.compose.runtime.external.kotlinx.collections.immutable.PersistentList add(java.lang.Object)
androidx.compose.runtime.snapshots.Snapshot: androidx.compose.runtime.snapshots.Snapshot takeNestedSnapshot(kotlin.jvm.functions.Function1)
org.chromium.support_lib_boundary.ServiceWorkerWebSettingsBoundaryInterface: boolean getAllowContentAccess()
com.google.android.gms.ads.internal.overlay.zzm: void zzp(int,java.lang.String[],int[])
androidx.compose.runtime.external.kotlinx.collections.immutable.implementations.immutableMap.MutableMapEntry: java.lang.Object setValue(java.lang.Object)
androidx.compose.runtime.collection.ScatterSetWrapper$iterator$1: java.lang.Object invokeSuspend(java.lang.Object)
kotlin.DeprecationLevel: kotlin.DeprecationLevel valueOf(java.lang.String)
com.google.android.gms.ads.internal.util.zzbs: java.lang.String zzm(com.google.android.gms.internal.ads.zzfby)
com.google.android.gms.ads.nonagon.signalgeneration.zzab: com.google.android.gms.ads.nonagon.signalgeneration.zzab zza(com.google.android.gms.internal.ads.zzcva)
com.android.billingclient.api.zzdr: void zzd(com.google.android.gms.internal.play_billing.zzjl,long,boolean)
androidx.lifecycle.ReportFragment$LifecycleCallbacks: void onActivityPreStopped(android.app.Activity)
com.facebook.ads.NativeAdViewAttributes: boolean getAutoplayOnMobile()
androidx.compose.runtime.saveable.MapSaverKt$mapSaver$1: java.lang.Object invoke(java.lang.Object,java.lang.Object)
androidx.compose.runtime.tooling.CompositionGroup$DefaultImpls: androidx.compose.runtime.tooling.CompositionGroup find(androidx.compose.runtime.tooling.CompositionGroup,java.lang.Object)
com.google.android.gms.internal.ads.zzbsg: void onResume()
com.google.android.gms.ads.formats.UnifiedNativeAd: UnifiedNativeAd()
com.facebook.ads.internal.dynamicloading.FlashPreferences: FlashPreferences()
com.android.billingclient.api.BillingClientKotlinKt: java.lang.Object getBillingChoiceInfo(com.android.billingclient.api.BillingClient,com.android.billingclient.api.GetBillingChoiceInfoParams,kotlin.coroutines.Continuation)
com.facebook.ads.internal.util.parcelable.WrappedParcelable$1: com.facebook.ads.internal.util.parcelable.WrappedParcelable createFromParcel(android.os.Parcel)
androidx.compose.runtime.SnapshotMutableIntStateImpl$component2$1: void invoke(int)
androidx.core.view.WindowInsetsCompat$BuilderImpl29: void setSystemWindowInsets(androidx.core.graphics.Insets)
androidx.compose.runtime.external.kotlinx.collections.immutable.implementations.immutableMap.PersistentHashMapBuilderValues: boolean add(java.lang.Object)
androidx.compose.runtime.Applier$DefaultImpls: void onBeginChanges(androidx.compose.runtime.Applier)
com.google.android.gms.ads.internal.client.zzbz: void zze()
com.google.android.gms.ads.admanager.AdManagerInterstitialAd: com.google.android.gms.ads.admanager.AppEventListener getAppEventListener()
com.google.android.gms.ads.internal.overlay.zzp: com.google.android.gms.internal.ads.zzddw zzi(com.google.android.gms.ads.internal.overlay.zzp)
com.facebook.ads.NativeAdBase$Rating: double getScale()
androidx.graphics.path.PathIteratorPreApi34Impl: int internalPathIteratorSize(long)
com.google.android.gms.ads.rewarded.zzc: void run()
androidx.compose.runtime.external.kotlinx.collections.immutable.implementations.immutableSet.TrieNode$Companion: androidx.compose.runtime.external.kotlinx.collections.immutable.implementations.immutableSet.TrieNode getEMPTY$runtime_release()
com.google.ads.mediation.facebook.FacebookRewardedAd: FacebookRewardedAd(com.google.android.gms.ads.mediation.MediationRewardedAdConfiguration,com.google.android.gms.ads.mediation.MediationAdLoadCallback,com.google.ads.mediation.facebook.MetaFactory)