app/build/outputs/mapping/release/usage.txt
com.lw.audiomaster.BuildConfig
com.lw.audiomaster.ComposableSingletons$MainActivityKt:
    public final kotlin.jvm.functions.Function2 getLambda$-67447452$app_release()
    public final kotlin.jvm.functions.Function2 getLambda$579599454$app_release()
com.lw.audiomaster.R$color
com.lw.audiomaster.R$drawable:
    public static int ic_launcher_background
    public static int ic_launcher_foreground
    public static int ic_splash_logo
    private void <init>()
com.lw.audiomaster.R$id
com.lw.audiomaster.R$layout
com.lw.audiomaster.R$mipmap
com.lw.audiomaster.R$string:
    public static int action_done
    public static int admob_app_id
    public static int admob_app_open
    public static int admob_global_inter
    public static int admob_intro_banner
    public static int admob_main_banner
    public static int admob_native
    public static int admob_native_2
    public static int admob_print_inter
    public static int admob_rewarded
    public static int admob_splash_inter
    public static int admob_splash_inter_fallback
    public static int app_name
    public static int app_tagline
    public static int badge_best_value
    public static int badge_pay_once
    public static int com_google_firebase_crashlytics_mapping_file_id
    public static int com_google_firebase_crashlytics_version_control_info
    public static int gcm_defaultSenderId
    public static int google_api_key
    public static int google_app_id
    public static int google_crash_reporting_api_key
    public static int google_storage_bucket
    public static int one_time
    public static int per_month
    public static int per_year
    public static int plan_lifetime
    public static int plan_monthly
    public static int plan_yearly
    public static int project_id
    private void <init>()
com.lw.audiomaster.R$style
com.lw.audiomaster.R
com.lw.audiomaster.ads.AdConfig$Test
com.lw.audiomaster.ads.AdConfig:
    public final java.lang.String bannerUnit(java.lang.String)
    public static synthetic java.lang.String bannerUnit$default(com.lw.audiomaster.ads.AdConfig,java.lang.String,int,java.lang.Object)
    public static synthetic java.lang.String interstitialUnit$default(com.lw.audiomaster.ads.AdConfig,java.lang.String,int,java.lang.Object)
    public static synthetic java.lang.String nativeUnit$default(com.lw.audiomaster.ads.AdConfig,java.lang.String,int,java.lang.Object)
    public final java.lang.String rewardedUnit()
com.lw.audiomaster.ads.AdGate
com.lw.audiomaster.ads.AdGateKt$rememberAdGate$1$1
com.lw.audiomaster.ads.AdGateKt
com.lw.audiomaster.ads.AdManager$showInterstitialNow$2$onAdLoaded$1
com.lw.audiomaster.ads.AdManager$showInterstitialNow$2
com.lw.audiomaster.ads.AdManager$showRewarded$2$onAdLoaded$1
com.lw.audiomaster.ads.AdManager$showRewarded$2
...
androidx.datastore.core.DataStoreImpl$data$1$1:
    public int label
    public final java.lang.Object invoke(kotlinx.coroutines.flow.FlowCollector,kotlin.coroutines.Continuation)
androidx.datastore.core.DataStoreImpl$data$1$2:
    public int label
    public final java.lang.Object invoke$1()
androidx.datastore.core.DataStoreImpl$data$1$updateCollector$1$1:
    public final java.lang.Object emit$3()
androidx.datastore.core.DataStoreImpl$data$1$updateCollector$1:
    public final java.lang.Object invoke(kotlinx.coroutines.CoroutineScope,kotlin.coroutines.Continuation)
androidx.datastore.core.DataStoreImpl$data$1:
    public final java.lang.Object invoke$36()
androidx.datastore.core.DataStoreImpl$doWithWriteFileLock$3:
    public final java.lang.Object invoke$2()
androidx.datastore.core.DataStoreImpl$internalDataFlow$1$1:
    public int label
    public final java.lang.Object invoke$37()
androidx.datastore.core.DataStoreImpl$internalDataFlow$1$2:
    public int label
    public final java.lang.Object invoke$37()
androidx.datastore.core.DataStoreImpl$internalDataFlow$1$invokeSuspend$$inlined$map$1
androidx.datastore.core.DataStoreImpl$internalDataFlow$1:
    public final java.lang.Object invoke(kotlinx.coroutines.flow.FlowCollector,kotlin.coroutines.Continuation)
androidx.datastore.core.DataStoreImpl$readDataAndUpdateCache$3:
    public final java.lang.Object invoke$2()
androidx.datastore.core.DataStoreImpl$readDataAndUpdateCache$4:
    public final java.lang.Object invoke$38()
androidx.datastore.core.DataStoreImpl$readDataOrHandleCorruption$2:
    public final java.lang.Object invoke$38()
androidx.datastore.core.DataStoreImpl$readDataOrHandleCorruption$3:
    public final java.lang.Object invoke$2()
androidx.datastore.core.DataStoreImpl$readState$2:
    public final synthetic boolean $requireLock
    public final java.lang.Object invoke(kotlinx.coroutines.CoroutineScope,kotlin.coroutines.Continuation)
androidx.datastore.core.DataStoreImpl$storageConnectionDelegate$1:
    public static androidx.datastore.core.okio.OkioStorageConnection invoke()
androidx.datastore.core.DataStoreImpl$transformAndWrite$2$newData$1:
    public final java.lang.Object invoke(kotlinx.coroutines.CoroutineScope,kotlin.coroutines.Continuation)
androidx.datastore.core.DataStoreImpl$transformAndWrite$2:
    public final java.lang.Object invoke$2()
androidx.datastore.core.DataStoreImpl$updateCollection$1$1:
    public final java.lang.Object emit$3()
androidx.datastore.core.DataStoreImpl$updateCollection$1:
    public final java.lang.Object invoke(kotlinx.coroutines.flow.FlowCollector,kotlin.coroutines.Continuation)
androidx.datastore.core.DataStoreImpl$updateData$2:
    public final java.lang.Object invoke(kotlinx.coroutines.CoroutineScope,kotlin.coroutines.Continuation)
androidx.datastore.core.DataStoreImpl$writeActor$1:
    public final void invoke(java.lang.Throwable)
androidx.datastore.core.DataStoreImpl$writeActor$2
androidx.datastore.core.DataStoreImpl$writeActor$3:
    public static java.lang.Object invoke$39()
androidx.datastore.core.DataStoreImpl$writeData$2:
    public static java.lang.Object invoke$40()
androidx.datastore.core.DataStoreImpl:
    public static final androidx.datastore.core.DataStoreImpl$Companion Companion
    static void <clinit>()
    public final androidx.datastore.core.okio.OkioStorageConnection getStorageConnection$datastore_core_release()
    public final java.lang.Object transformAndWrite(kotlin.jvm.functions.Function2,kotlin.coroutines.CoroutineContext,androidx.datastore.core.DataStoreImpl$handleUpdate$1)
androidx.datastore.core.DataStoreInMemoryCache:
    public static kotlinx.coroutines.flow.Flow getFlow()
androidx.datastore.core.Final:
    public static java.lang.Throwable getFinalException()
androidx.datastore.core.InitializerApi
androidx.datastore.core.InterProcessCoordinator
androidx.datastore.core.InterProcessCoordinatorKt